<?xml version="1.0" encoding="UTF-8"?>
<!-- Generated by org.testng.reporters.JUnitReportReporter -->
<testsuite hostname="san3149591" name="com.convertJsonForm.basic" tests="1" failures="0" timestamp="7 Sep 2019 09:58:05 GMT" time="0.019" errors="0">
  <testcase name="convertSimpleJSON" time="0.019" classname="com.convertJsonForm.basic"/>
</testsuite> <!-- com.convertJsonForm.basic -->
