<?xml version="1.0" encoding="UTF-8"?>
<!-- Generated by org.testng.reporters.JUnitReportReporter -->
<testsuite hostname="san3149591" name="dataProvider.Bug" tests="5" failures="0" timestamp="3 Sep 2019 12:52:33 GMT" time="0.324" errors="0">
  <testcase name="JsonConverter" time="0.017" classname="dataProvider.Bug"/>
  <testcase name="JsonConverter" time="0.007" classname="dataProvider.Bug"/>
  <testcase name="JsonConverter" time="0.005" classname="dataProvider.Bug"/>
  <testcase name="JsonConverter" time="0.290" classname="dataProvider.Bug"/>
  <testcase name="JsonConverter" time="0.005" classname="dataProvider.Bug"/>
</testsuite> <!-- dataProvider.Bug -->
