<?xml version="1.0" encoding="UTF-8"?>
<!-- Generated by org.testng.reporters.JUnitReportReporter -->
<testsuite hostname="san3149591" name="BasicGET.Basic3" tests="1" failures="0" timestamp="3 Sep 2019 13:11:32 GMT" time="7.047" errors="0">
  <testcase name="getHeaderType" time="7.047" classname="BasicGET.Basic3"/>
</testsuite> <!-- BasicGET.Basic3 -->
