<?xml version="1.0" encoding="UTF-8"?>
<!-- Generated by org.testng.reporters.JUnitReportReporter -->
<testsuite hostname="san3149591" name="BasicGET.Basic1" tests="1" failures="0" timestamp="1 Sep 2019 10:29:20 GMT" time="8.159" errors="0">
  <testcase name="getUserDetail" time="8.159" classname="BasicGET.Basic1"/>
</testsuite> <!-- BasicGET.Basic1 -->
