<?xml version="1.0" encoding="UTF-8"?>
<!-- Generated by org.testng.reporters.JUnitReportReporter -->
<testsuite hostname="san3149591" name="BasicGET.Basic2" tests="1" failures="0" timestamp="3 Sep 2019 13:12:02 GMT" time="6.457" errors="0">
  <testcase name="getREasponseDataType" time="6.457" classname="BasicGET.Basic2"/>
</testsuite> <!-- BasicGET.Basic2 -->
