<?xml version="1.0" encoding="UTF-8"?>
<!-- Generated by org.testng.reporters.JUnitReportReporter -->
<testsuite hostname="san3149591" name="com.RestAssured.postbasic" tests="1" failures="0" timestamp="12 Jun 2019 10:56:33 GMT" time="3.392" errors="0">
  <testcase name="testEqualToFunction" time="3.392" classname="com.RestAssured.postbasic"/>
</testsuite> <!-- com.RestAssured.postbasic -->
