<?xml version="1.0" encoding="UTF-8"?>
<!-- Generated by org.testng.reporters.JUnitReportReporter -->
<testsuite hostname="san3149591" name="com.convertJsonForm.complexJson" tests="1" failures="0" timestamp="7 Sep 2019 16:08:51 GMT" time="0.039" errors="0">
  <testcase name="convertToJson" time="0.039" classname="com.convertJsonForm.complexJson"/>
</testsuite> <!-- com.convertJsonForm.complexJson -->
