<?xml version="1.0" encoding="UTF-8"?>
<!-- Generated by org.testng.reporters.JUnitReportReporter -->
<testsuite hostname="san3149591" name="Auth1and2.twitterOAuth" tests="1" failures="0" timestamp="3 Sep 2019 18:11:42 GMT" time="5.413" errors="0">
  <testcase name="postTweet" time="5.413" classname="Auth1and2.twitterOAuth"/>
</testsuite> <!-- Auth1and2.twitterOAuth -->
