<?xml version="1.0" encoding="UTF-8"?>
<!-- Generated by org.testng.reporters.JUnitReportReporter -->
<testsuite hostname="san3149591" name="com.PostBasic.postbasic" tests="1" failures="0" timestamp="2 Jul 2019 07:02:54 GMT" time="6.490" errors="0">
  <testcase name="testEqualToFunction" time="6.490" classname="com.PostBasic.postbasic"/>
</testsuite> <!-- com.PostBasic.postbasic -->
