<?xml version="1.0" encoding="UTF-8"?>
<!-- Generated by org.testng.reporters.JUnitReportReporter -->
<testsuite hostname="san3149591" name="dataProvider.convertIntoJson" tests="1" failures="0" timestamp="14 Jul 2019 07:08:55 GMT" time="0.010" errors="0">
  <testcase name="JsonConverter" time="0.010" classname="dataProvider.convertIntoJson"/>
</testsuite> <!-- dataProvider.convertIntoJson -->
