<?xml version="1.0" encoding="UTF-8"?>
<!-- Generated by org.testng.reporters.JUnitReportReporter -->
<testsuite hostname="san3149591" name="com.VerifyObjects.VerificationObjects" tests="1" failures="0" timestamp="1 Sep 2019 10:09:23 GMT" time="8.740" errors="0">
  <testcase name="verifyObjects1" time="8.740" classname="com.VerifyObjects.VerificationObjects"/>
</testsuite> <!-- com.VerifyObjects.VerificationObjects -->
