<?xml version="1.0" encoding="UTF-8"?>
<!-- Generated by org.testng.reporters.JUnitReportReporter -->
<testsuite hostname="san3149591" name="BasicGET.basic" tests="1" failures="0" timestamp="1 Sep 2019 10:19:35 GMT" time="15.170" errors="0">
  <testcase name="getUserDetails" time="15.170" classname="BasicGET.basic"/>
</testsuite> <!-- BasicGET.basic -->
