<?xml version="1.0" encoding="UTF-8"?>
<!-- Generated by org.testng.reporters.JUnitReportReporter -->
<testsuite hostname="san3149591" name="com.RestAssured.RestAssuredBasicFeatures" tests="1" failures="0" timestamp="12 Jun 2019 10:52:47 GMT" time="3.391" errors="0">
  <testcase name="testWithRoot" time="3.391" classname="com.RestAssured.RestAssuredBasicFeatures"/>
</testsuite> <!-- com.RestAssured.RestAssuredBasicFeatures -->
