<?xml version="1.0" encoding="UTF-8"?>
<!-- Generated by org.testng.reporters.JUnitReportReporter -->
<testsuite hostname="san3149591" name="Auth1and2.Auth2_0" tests="1" failures="0" timestamp="7 Sep 2019 16:46:46 GMT" time="5.994" errors="0">
  <testcase name="test2" time="5.994" classname="Auth1and2.Auth2_0"/>
</testsuite> <!-- Auth1and2.Auth2_0 -->
