<?xml version="1.0" encoding="UTF-8"?>
<!-- Generated by org.testng.reporters.JUnitReportReporter -->
<testsuite hostname="san3149591" name="com.convertJsonForm.simple1" tests="7" failures="0" timestamp="7 Sep 2019 15:40:32 GMT" time="0.022" errors="0">
  <testcase name="convertToJson" time="0.001" classname="com.convertJsonForm.simple1"/>
  <testcase name="convertToJson" time="0.002" classname="com.convertJsonForm.simple1"/>
  <testcase name="convertToJson" time="0.002" classname="com.convertJsonForm.simple1"/>
  <testcase name="convertToJson" time="0.001" classname="com.convertJsonForm.simple1"/>
  <testcase name="convertToJson" time="0.002" classname="com.convertJsonForm.simple1"/>
  <testcase name="convertToJson" time="0.001" classname="com.convertJsonForm.simple1"/>
  <testcase name="convertToJson" time="0.013" classname="com.convertJsonForm.simple1"/>
</testsuite> <!-- com.convertJsonForm.simple1 -->
